\BOOKMARK [1][-]{section*.4}{List of Tables}{}% 1
\BOOKMARK [1][-]{section*.5}{List of Figures}{}% 2
\BOOKMARK [1][-]{section.1}{Axiomatic Design}{}% 3
\BOOKMARK [2][-]{subsection.1.1}{Design}{section.1}% 4
\BOOKMARK [2][-]{subsection.1.2}{The Axiomatic Design Framework}{section.1}% 5
\BOOKMARK [2][-]{subsection.1.3}{The Axioms}{section.1}% 6
\BOOKMARK [2][-]{subsection.1.4}{Part Consolidation}{section.1}% 7
\BOOKMARK [2][-]{subsection.1.5}{Research Goals}{section.1}% 8
\BOOKMARK [1][-]{section.2}{Graph Theory}{}% 9
\BOOKMARK [2][-]{subsection.2.1}{Simple Graphs}{section.2}% 10
\BOOKMARK [2][-]{subsection.2.2}{Order and Size}{section.2}% 11
\BOOKMARK [2][-]{subsection.2.3}{Graph Relations}{section.2}% 12
\BOOKMARK [3][-]{subsubsection.2.3.1}{Labels}{subsection.2.3}% 13
\BOOKMARK [3][-]{subsubsection.2.3.2}{Vertex Color}{subsection.2.3}% 14
\BOOKMARK [2][-]{subsection.2.4}{Subgraphs}{section.2}% 15
\BOOKMARK [2][-]{subsection.2.5}{Mutators}{section.2}% 16
\BOOKMARK [3][-]{subsubsection.2.5.1}{Vertex Removal}{subsection.2.5}% 17
\BOOKMARK [3][-]{subsubsection.2.5.2}{Edge Addition}{subsection.2.5}% 18
\BOOKMARK [3][-]{subsubsection.2.5.3}{Edge Removal}{subsection.2.5}% 19
\BOOKMARK [3][-]{subsubsection.2.5.4}{Vertex Contraction}{subsection.2.5}% 20
\BOOKMARK [3][-]{subsubsection.2.5.5}{Graph Complement}{subsection.2.5}% 21
\BOOKMARK [2][-]{subsection.2.6}{Independent Sets}{section.2}% 22
\BOOKMARK [2][-]{subsection.2.7}{Cliques}{section.2}% 23
\BOOKMARK [2][-]{subsection.2.8}{Connected Graphs}{section.2}% 24
\BOOKMARK [3][-]{subsubsection.2.8.1}{Walks}{subsection.2.8}% 25
\BOOKMARK [3][-]{subsubsection.2.8.2}{Paths}{subsection.2.8}% 26
\BOOKMARK [3][-]{subsubsection.2.8.3}{Connectedness}{subsection.2.8}% 27
\BOOKMARK [3][-]{subsubsection.2.8.4}{Components}{subsection.2.8}% 28
\BOOKMARK [3][-]{subsubsection.2.8.5}{Impact on Coloring}{subsection.2.8}% 29
\BOOKMARK [2][-]{subsection.2.9}{Vertex Degree}{section.2}% 30
\BOOKMARK [2][-]{subsection.2.10}{Special Graphs}{section.2}% 31
\BOOKMARK [3][-]{subsubsection.2.10.1}{Empty Graphs}{subsection.2.10}% 32
\BOOKMARK [3][-]{subsubsection.2.10.2}{Paths}{subsection.2.10}% 33
\BOOKMARK [3][-]{subsubsection.2.10.3}{Cycles}{subsection.2.10}% 34
\BOOKMARK [3][-]{subsubsection.2.10.4}{Complete Graphs}{subsection.2.10}% 35
\BOOKMARK [3][-]{subsubsection.2.10.5}{Trees}{subsection.2.10}% 36
\BOOKMARK [2][-]{subsection.2.11}{The Adjacency Matrix}{section.2}% 37
\BOOKMARK [1][-]{section.3}{Toaster Design Case Study}{}% 38
\BOOKMARK [1][-]{section.4}{Problems and Algorithms}{}% 39
\BOOKMARK [2][-]{subsection.4.1}{Problems}{section.4}% 40
\BOOKMARK [2][-]{subsection.4.2}{Comparing Algorithms}{section.4}% 41
\BOOKMARK [3][-]{subsubsection.4.2.1}{Runtime Complexity}{subsection.4.2}% 42
\BOOKMARK [3][-]{subsubsection.4.2.2}{Space Complexity}{subsection.4.2}% 43
\BOOKMARK [3][-]{subsubsection.4.2.3}{Runtime Duration}{subsection.4.2}% 44
\BOOKMARK [2][-]{subsection.4.3}{Branch-and-Bound Algorithms}{section.4}% 45
\BOOKMARK [1][-]{section.5}{The Chromatic Number Problem}{}% 46
\BOOKMARK [2][-]{subsection.5.1}{Finding a Lower Bound}{section.5}% 47
\BOOKMARK [3][-]{subsubsection.5.1.1}{The Mycielski Construction}{subsection.5.1}% 48
\BOOKMARK [3][-]{subsubsection.5.1.2}{The Edwards Elphick Algorithm}{subsection.5.1}% 49
\BOOKMARK [3][-]{subsubsection.5.1.3}{The Bron Kerbosch Algorithm}{subsection.5.1}% 50
\BOOKMARK [2][-]{subsection.5.2}{Finding an Upper Bound}{section.5}% 51
\BOOKMARK [2][-]{subsection.5.3}{The Christofides Algorithm}{section.5}% 52
\BOOKMARK [2][-]{subsection.5.4}{Wang Improvements to Christofides}{section.5}% 53
\BOOKMARK [2][-]{subsection.5.5}{Zykov Algorithms}{section.5}% 54
\BOOKMARK [1][-]{section.6}{The Proposed Algorithm}{}% 55
\BOOKMARK [2][-]{subsection.6.1}{The Main Routine}{section.6}% 56
\BOOKMARK [2][-]{subsection.6.2}{The Recursive Subroutine}{section.6}% 57
\BOOKMARK [2][-]{subsection.6.3}{The Coloring Routine}{section.6}% 58
\BOOKMARK [2][-]{subsection.6.4}{Supporting Theorems}{section.6}% 59
\BOOKMARK [3][-]{subsubsection.6.4.1}{Maximum Edge Threshold}{subsection.6.4}% 60
\BOOKMARK [3][-]{subsubsection.6.4.2}{Vertex Removal}{subsection.6.4}% 61
\BOOKMARK [3][-]{subsubsection.6.4.3}{Neighborhood Subsets}{subsection.6.4}% 62
\BOOKMARK [3][-]{subsubsection.6.4.4}{Minimum Common Neighbor Upper Bound}{subsection.6.4}% 63
\BOOKMARK [3][-]{subsubsection.6.4.5}{Recursive Steps}{subsection.6.4}% 64
\BOOKMARK [2][-]{subsection.6.5}{An Example}{section.6}% 65
\BOOKMARK [1][-]{section.7}{Random Graph Analysis}{}% 66
\BOOKMARK [2][-]{subsection.7.1}{The Testbed}{section.7}% 67
\BOOKMARK [2][-]{subsection.7.2}{Runtime Complexity Results}{section.7}% 68
\BOOKMARK [2][-]{subsection.7.3}{Bounding Test Results}{section.7}% 69
\BOOKMARK [2][-]{subsection.7.4}{Runtime Duration Results}{section.7}% 70
\BOOKMARK [1][-]{section.8}{Conclusions}{}% 71
\BOOKMARK [1][-]{section*.6}{Literature Cited}{}% 72
